c:\workarea\client\cse125\debug\vc120.pdb
c:\workarea\client\cse125\debug\vc120.idb
c:\workarea\client\cse125\debug\configsettings.obj
c:\workarea\client\cse125\debug\glslprogram.obj
c:\workarea\client\cse125\debug\glutils.obj
c:\workarea\client\cse125\debug\mesh.obj
c:\workarea\client\cse125\debug\ogldev_util.obj
c:\workarea\client\cse125\debug\shadercontroller.obj
c:\workarea\client\cse125\debug\texture.obj
c:\workarea\client\cse125\debug\vao.obj
c:\workarea\client\cse125\debug\window.obj
c:\workarea\client\debug\cse125.ilk
c:\workarea\client\debug\cse125.exe
c:\workarea\client\debug\cse125.pdb
c:\workarea\client\cse125\debug\cse125.tlog\cl.command.1.tlog
c:\workarea\client\cse125\debug\cse125.tlog\cl.read.1.tlog
c:\workarea\client\cse125\debug\cse125.tlog\cl.write.1.tlog
c:\workarea\client\cse125\debug\cse125.tlog\link.command.1.tlog
c:\workarea\client\cse125\debug\cse125.tlog\link.read.1.tlog
c:\workarea\client\cse125\debug\cse125.tlog\link.write.1.tlog
